  Sandbox.cpp
C:\Users\symia\OneDrive\Documents\GitHub\TandyEngine\sandbox\src\Sandbox.cpp(1,10): fatal  error C1083: Cannot open include file: 'Tandy.h': No such file or directory
  Application.cpp
C:\Users\symia\OneDrive\Documents\GitHub\TandyEngine\tandyengine\src\tandy\Core.h(10,1): fatal  error C1189: #error:  TandyEngine only supports Windows!
  Log.cpp
C:\Users\symia\OneDrive\Documents\GitHub\TandyEngine\tandyengine\src\tandy\Core.h(10,1): fatal  error C1189: #error:  TandyEngine only supports Windows!
  Text.cpp
  async_bench.cpp
C:\Users\symia\OneDrive\Documents\GitHub\TandyEngine\tandyengine\vendor\spdlog\bench\async_bench.cpp(9,10): fatal  error C1083: Cannot open include file: 'spdlog/spdlog.h': No such file or directory
  bench.cpp
C:\Users\symia\OneDrive\Documents\GitHub\TandyEngine\tandyengine\vendor\spdlog\bench\bench.cpp(9,10): fatal  error C1083: Cannot open include file: 'spdlog/spdlog.h': No such file or directory
  formatter-bench.cpp
C:\Users\symia\OneDrive\Documents\GitHub\TandyEngine\tandyengine\vendor\spdlog\bench\formatter-bench.cpp(6,10): fatal  error C1083: Cannot open include file: 'benchmark/benchmark.h': No such file or directory
  latency.cpp
C:\Users\symia\OneDrive\Documents\GitHub\TandyEngine\tandyengine\vendor\spdlog\bench\latency.cpp(10,10): fatal  error C1083: Cannot open include file: 'benchmark/benchmark.h': No such file or directory
  example.cpp
C:\Users\symia\OneDrive\Documents\GitHub\TandyEngine\tandyengine\vendor\spdlog\example\example.cpp(29,10): fatal  error C1083: Cannot open include file: 'spdlog/spdlog.h': No such file or directory
  CMakeCXXCompilerId.cpp
  async.cpp
C:\Users\symia\OneDrive\Documents\GitHub\TandyEngine\tandyengine\vendor\spdlog\src\async.cpp(5,1): fatal  error C1189: #error:  Please define SPDLOG_COMPILED_LIB to compile this file.
  cfg.cpp
C:\Users\symia\OneDrive\Documents\GitHub\TandyEngine\tandyengine\vendor\spdlog\src\cfg.cpp(5,1): fatal  error C1189: #error:  Please define SPDLOG_COMPILED_LIB to compile this file.
  color_sinks.cpp
C:\Users\symia\OneDrive\Documents\GitHub\TandyEngine\tandyengine\vendor\spdlog\src\color_sinks.cpp(5,1): fatal  error C1189: #error:  Please define SPDLOG_COMPILED_LIB to compile this file.
  file_sinks.cpp
C:\Users\symia\OneDrive\Documents\GitHub\TandyEngine\tandyengine\vendor\spdlog\src\file_sinks.cpp(5,1): fatal  error C1189: #error:  Please define SPDLOG_COMPILED_LIB to compile this file.
  fmt.cpp
C:\Users\symia\OneDrive\Documents\GitHub\TandyEngine\tandyengine\vendor\spdlog\src\fmt.cpp(6,1): fatal  error C1189: #error:  Please define SPDLOG_COMPILED_LIB to compile this file.
  spdlog.cpp
C:\Users\symia\OneDrive\Documents\GitHub\TandyEngine\tandyengine\vendor\spdlog\src\spdlog.cpp(5,1): fatal  error C1189: #error:  Please define SPDLOG_COMPILED_LIB to compile this file.
  stdout_sinks.cpp
C:\Users\symia\OneDrive\Documents\GitHub\TandyEngine\tandyengine\vendor\spdlog\src\stdout_sinks.cpp(5,1): fatal  error C1189: #error:  Please define SPDLOG_COMPILED_LIB to compile this file.
  main.cpp
  test_async.cpp
C:\Users\symia\OneDrive\Documents\GitHub\TandyEngine\tandyengine\vendor\spdlog\tests\includes.h(18,10): fatal  error C1083: Cannot open include file: 'spdlog/spdlog.h': No such file or directory
  test_backtrace.cpp
C:\Users\symia\OneDrive\Documents\GitHub\TandyEngine\tandyengine\vendor\spdlog\tests\includes.h(18,10): fatal  error C1083: Cannot open include file: 'spdlog/spdlog.h': No such file or directory
  Generating Code...
  Compiling...
  test_cfg.cpp
C:\Users\symia\OneDrive\Documents\GitHub\TandyEngine\tandyengine\vendor\spdlog\tests\includes.h(18,10): fatal  error C1083: Cannot open include file: 'spdlog/spdlog.h': No such file or directory
  test_create_dir.cpp
C:\Users\symia\OneDrive\Documents\GitHub\TandyEngine\tandyengine\vendor\spdlog\tests\includes.h(18,10): fatal  error C1083: Cannot open include file: 'spdlog/spdlog.h': No such file or directory
  test_daily_logger.cpp
C:\Users\symia\OneDrive\Documents\GitHub\TandyEngine\tandyengine\vendor\spdlog\tests\includes.h(18,10): fatal  error C1083: Cannot open include file: 'spdlog/spdlog.h': No such file or directory
  test_dup_filter.cpp
C:\Users\symia\OneDrive\Documents\GitHub\TandyEngine\tandyengine\vendor\spdlog\tests\includes.h(18,10): fatal  error C1083: Cannot open include file: 'spdlog/spdlog.h': No such file or directory
  test_errors.cpp
C:\Users\symia\OneDrive\Documents\GitHub\TandyEngine\tandyengine\vendor\spdlog\tests\includes.h(18,10): fatal  error C1083: Cannot open include file: 'spdlog/spdlog.h': No such file or directory
  test_eventlog.cpp
C:\Users\symia\OneDrive\Documents\GitHub\TandyEngine\tandyengine\vendor\spdlog\tests\includes.h(18,10): fatal  error C1083: Cannot open include file: 'spdlog/spdlog.h': No such file or directory
  test_file_helper.cpp
C:\Users\symia\OneDrive\Documents\GitHub\TandyEngine\tandyengine\vendor\spdlog\tests\includes.h(18,10): fatal  error C1083: Cannot open include file: 'spdlog/spdlog.h': No such file or directory
  test_file_logging.cpp
C:\Users\symia\OneDrive\Documents\GitHub\TandyEngine\tandyengine\vendor\spdlog\tests\includes.h(18,10): fatal  error C1083: Cannot open include file: 'spdlog/spdlog.h': No such file or directory
  test_fmt_helper.cpp
C:\Users\symia\OneDrive\Documents\GitHub\TandyEngine\tandyengine\vendor\spdlog\tests\includes.h(18,10): fatal  error C1083: Cannot open include file: 'spdlog/spdlog.h': No such file or directory
  test_macros.cpp
C:\Users\symia\OneDrive\Documents\GitHub\TandyEngine\tandyengine\vendor\spdlog\tests\includes.h(18,10): fatal  error C1083: Cannot open include file: 'spdlog/spdlog.h': No such file or directory
  test_misc.cpp
C:\Users\symia\OneDrive\Documents\GitHub\TandyEngine\tandyengine\vendor\spdlog\tests\includes.h(18,10): fatal  error C1083: Cannot open include file: 'spdlog/spdlog.h': No such file or directory
  test_mpmc_q.cpp
C:\Users\symia\OneDrive\Documents\GitHub\TandyEngine\tandyengine\vendor\spdlog\tests\includes.h(18,10): fatal  error C1083: Cannot open include file: 'spdlog/spdlog.h': No such file or directory
  test_pattern_formatter.cpp
C:\Users\symia\OneDrive\Documents\GitHub\TandyEngine\tandyengine\vendor\spdlog\tests\includes.h(18,10): fatal  error C1083: Cannot open include file: 'spdlog/spdlog.h': No such file or directory
  test_registry.cpp
C:\Users\symia\OneDrive\Documents\GitHub\TandyEngine\tandyengine\vendor\spdlog\tests\includes.h(18,10): fatal  error C1083: Cannot open include file: 'spdlog/spdlog.h': No such file or directory
  test_stdout_api.cpp
C:\Users\symia\OneDrive\Documents\GitHub\TandyEngine\tandyengine\vendor\spdlog\tests\includes.h(18,10): fatal  error C1083: Cannot open include file: 'spdlog/spdlog.h': No such file or directory
  test_stopwatch.cpp
C:\Users\symia\OneDrive\Documents\GitHub\TandyEngine\tandyengine\vendor\spdlog\tests\includes.h(18,10): fatal  error C1083: Cannot open include file: 'spdlog/spdlog.h': No such file or directory
  test_systemd.cpp
C:\Users\symia\OneDrive\Documents\GitHub\TandyEngine\tandyengine\vendor\spdlog\tests\includes.h(18,10): fatal  error C1083: Cannot open include file: 'spdlog/spdlog.h': No such file or directory
  test_time_point.cpp
C:\Users\symia\OneDrive\Documents\GitHub\TandyEngine\tandyengine\vendor\spdlog\tests\includes.h(18,10): fatal  error C1083: Cannot open include file: 'spdlog/spdlog.h': No such file or directory
  utils.cpp
C:\Users\symia\OneDrive\Documents\GitHub\TandyEngine\tandyengine\vendor\spdlog\tests\includes.h(18,10): fatal  error C1083: Cannot open include file: 'spdlog/spdlog.h': No such file or directory
  Generating Code...
